e:\тимп\matlabproj\matlabgui\matlabgui\debug\vc120.pdb
c:\users\азамат\desktop\документы\яп\тимп\matlabproj\matlabgui\matlabgui\debug\vc120.pdb
c:\users\азамат\desktop\документы\яп\тимп\matlabproj\matlabgui\matlabgui\debug\myform.obj
c:\users\азамат\desktop\документы\яп\тимп\matlabproj\matlabgui\matlabgui\debug\matrix_operations.obj
e:\тимп\matlabproj\matlabgui\debug\matlabgui.exe
e:\тимп\matlabproj\matlabgui\debug\matlabgui.pdb
e:\тимп\matlabproj\matlabgui\matlabgui\debug\matlabgui.myform.resources
c:\users\азамат\desktop\документы\яп\тимп\matlabproj\matlabgui\matlabgui\debug\matlabgui.myform.resources
c:\users\азамат\desktop\документы\яп\тимп\matlabproj\matlabgui\matlabgui\debug\matlabgui.vcxproj.generateresource.cache
c:\users\азамат\desktop\документы\яп\тимп\matlabproj\matlabgui\matlabgui\debug\matlabgui.vcxprojresolveassemblyreference.cache
c:\users\азамат\desktop\документы\яп\тимп\matlabproj\matlabgui\matlabgui\debug\.netframework,version=v4.5.assemblyattributes.obj
c:\users\азамат\desktop\документы\яп\тимп\matlabproj\matlabgui\debug\matlabgui.pdb
c:\users\азамат\desktop\документы\яп\тимп\matlabproj\matlabgui\matlabgui\debug\matlabgui.tlog\cl.command.1.tlog
c:\users\азамат\desktop\документы\яп\тимп\matlabproj\matlabgui\matlabgui\debug\matlabgui.tlog\cl.read.1.tlog
c:\users\азамат\desktop\документы\яп\тимп\matlabproj\matlabgui\matlabgui\debug\matlabgui.tlog\cl.write.1.tlog
c:\users\азамат\desktop\документы\яп\тимп\matlabproj\matlabgui\matlabgui\debug\matlabgui.tlog\link.1172-cvtres.read.1.tlog
c:\users\азамат\desktop\документы\яп\тимп\matlabproj\matlabgui\matlabgui\debug\matlabgui.tlog\link.1172-cvtres.write.1.tlog
c:\users\азамат\desktop\документы\яп\тимп\matlabproj\matlabgui\matlabgui\debug\matlabgui.tlog\link.1172-rc.read.1.tlog
c:\users\азамат\desktop\документы\яп\тимп\matlabproj\matlabgui\matlabgui\debug\matlabgui.tlog\link.1172-rc.write.1.tlog
c:\users\азамат\desktop\документы\яп\тимп\matlabproj\matlabgui\matlabgui\debug\matlabgui.tlog\link.1172.read.1.tlog
c:\users\азамат\desktop\документы\яп\тимп\matlabproj\matlabgui\matlabgui\debug\matlabgui.tlog\link.1172.write.1.tlog
c:\users\азамат\desktop\документы\яп\тимп\matlabproj\matlabgui\matlabgui\debug\matlabgui.tlog\link.3400-cvtres.read.1.tlog
c:\users\азамат\desktop\документы\яп\тимп\matlabproj\matlabgui\matlabgui\debug\matlabgui.tlog\link.3400-cvtres.write.1.tlog
c:\users\азамат\desktop\документы\яп\тимп\matlabproj\matlabgui\matlabgui\debug\matlabgui.tlog\link.3400-rc.read.1.tlog
c:\users\азамат\desktop\документы\яп\тимп\matlabproj\matlabgui\matlabgui\debug\matlabgui.tlog\link.3400-rc.write.1.tlog
c:\users\азамат\desktop\документы\яп\тимп\matlabproj\matlabgui\matlabgui\debug\matlabgui.tlog\link.3400.read.1.tlog
c:\users\азамат\desktop\документы\яп\тимп\matlabproj\matlabgui\matlabgui\debug\matlabgui.tlog\link.3400.write.1.tlog
c:\users\азамат\desktop\документы\яп\тимп\matlabproj\matlabgui\matlabgui\debug\matlabgui.tlog\link.command.1.tlog
c:\users\азамат\desktop\документы\яп\тимп\matlabproj\matlabgui\matlabgui\debug\matlabgui.tlog\link.read.1.tlog
c:\users\азамат\desktop\документы\яп\тимп\matlabproj\matlabgui\matlabgui\debug\matlabgui.tlog\link.write.1.tlog
c:\users\азамат\desktop\документы\яп\тимп\matlabproj\matlabgui\matlabgui\debug\matlabgui.tlog\matlabgui.write.1u.tlog
c:\users\азамат\desktop\документы\яп\тимп\matlabproj\matlabgui\matlabgui\debug\matlabgui.tlog\metagen.read.1.tlog
c:\users\азамат\desktop\документы\яп\тимп\matlabproj\matlabgui\matlabgui\debug\matlabgui.tlog\metagen.write.1.tlog
c:\users\азамат\desktop\документы\яп\тимп\matlabproj\matlabgui\matlabgui\debug\matlabgui.tlog\rsaenh.dll.bi
c:\users\азамат\desktop\документы\яп\тимп\matlabproj\matlabgui\matlabgui\debug\matlabgui.tlog\tzres.dll.bi
